<?xml version="1.0" encoding="UTF-8"?>
<!-- Generated by org.testng.reporters.JUnitXMLReporter -->
<testsuite ignored="0" hostname="LAPTOP-CIGD4TNM" failures="0" tests="3" name="ChromeTest" time="18.805" errors="0" timestamp="2021-09-23T20:24:23 IST">
  <testcase classname="demo.FaceBookExample" name="verifyLoginButton" time="0.099"/>
  <testcase classname="demo.FaceBookExample" name="verifyText" time="0.047"/>
  <testcase classname="demo.FaceBookExample" name="verifyTitle" time="0.009"/>
</testsuite> <!-- ChromeTest -->
