<?xml version="1.0" encoding="UTF-8"?>
<!-- Generated by org.testng.reporters.JUnitXMLReporter -->
<testsuite ignored="0" hostname="LAPTOP-CIGD4TNM" failures="0" tests="3" name="EdgeTest" time="25.135" errors="0" timestamp="2021-09-23T20:24:29 IST">
  <testcase classname="demo.FaceBookExample" name="verifyLoginButton" time="0.05"/>
  <testcase classname="demo.FaceBookExample" name="verifyText" time="0.028"/>
  <testcase classname="demo.FaceBookExample" name="verifyTitle" time="0.015"/>
</testsuite> <!-- EdgeTest -->
