<?xml version="1.0" encoding="UTF-8"?>
<!-- Generated by org.testng.reporters.JUnitXMLReporter -->
<testsuite ignored="0" hostname="LAPTOP-CIGD4TNM" failures="0" tests="3" name="FirefoxTest" time="68.25" errors="0" timestamp="2021-09-23T20:25:12 IST">
  <testcase classname="demo.FaceBookExample" name="verifyLoginButton" time="0.442"/>
  <testcase classname="demo.FaceBookExample" name="verifyText" time="0.231"/>
  <testcase classname="demo.FaceBookExample" name="verifyTitle" time="0.012"/>
</testsuite> <!-- FirefoxTest -->
